<?xml version="1.0" encoding="UTF-8"?>
<!-- Generated by org.testng.reporters.JUnitXMLReporter -->
<testsuite hostname="NODE196" name="Default test" tests="1" failures="0" timestamp="24 May 2017 07:26:52 GMT" time="0.031" errors="0">
  <testcase name="@BeforeSuite setUpBeforeSuite" time="0.0" classname="com.jsonasdataprovider.test.home.HomeTest">
    <failure type="org.testng.TestNGException" message="
Parameter &amp;apos;browser&amp;apos; is required by @Configuration on method setUpBeforeSuite but has not been marked @Optional or defined
in C:\Users\admin\AppData\Local\Temp\testng-eclipse-48612885\testng-customsuite.xml">
      <![CDATA[org.testng.TestNGException: 
Parameter 'browser' is required by @Configuration on method setUpBeforeSuite but has not been marked @Optional or defined
in C:\Users\admin\AppData\Local\Temp\testng-eclipse-48612885\testng-customsuite.xml
	at org.testng.internal.Parameters.createParameters(Parameters.java:155)
	at org.testng.internal.Parameters.createParameters(Parameters.java:358)
	at org.testng.internal.Parameters.createConfigurationParameters(Parameters.java:86)
	at org.testng.internal.Invoker.invokeConfigurations(Invoker.java:199)
	at org.testng.internal.Invoker.invokeConfigurations(Invoker.java:138)
	at org.testng.SuiteRunner.privateRun(SuiteRunner.java:291)
	at org.testng.SuiteRunner.run(SuiteRunner.java:254)
	at org.testng.SuiteRunnerWorker.runSuite(SuiteRunnerWorker.java:52)
	at org.testng.SuiteRunnerWorker.run(SuiteRunnerWorker.java:86)
	at org.testng.TestNG.runSuitesSequentially(TestNG.java:1224)
	at org.testng.TestNG.runSuitesLocally(TestNG.java:1149)
	at org.testng.TestNG.run(TestNG.java:1057)
	at org.testng.remote.AbstractRemoteTestNG.run(AbstractRemoteTestNG.java:126)
	at org.testng.remote.RemoteTestNG.initAndRun(RemoteTestNG.java:152)
	at org.testng.remote.RemoteTestNG.main(RemoteTestNG.java:57)
]]>
    </failure>
  </testcase> <!-- @BeforeSuite setUpBeforeSuite -->
  <testcase name="@BeforeSuite setupbeforeSuite" time="0.0" classname="com.jsonasdataprovider.test.home.HomeTest">
    <skipped/>
  </testcase> <!-- @BeforeSuite setupbeforeSuite -->
  <testcase name="@BeforeTest connectedtoDB" time="0.0" classname="com.jsonasdataprovider.test.home.HomeTest">
    <skipped/>
  </testcase> <!-- @BeforeTest connectedtoDB -->
  <testcase name="@BeforeMethod beforemethodsetup" time="0.0" classname="com.jsonasdataprovider.test.home.HomeTest">
    <skipped/>
  </testcase> <!-- @BeforeMethod beforemethodsetup -->
  <testcase name="testExtent" time="0.008" classname="com.jsonasdataprovider.test.home.HomeTest">
    <skipped/>
  </testcase> <!-- testExtent -->
</testsuite> <!-- Default test -->
